MainApp/build/outputs/logs/manifest-merger-debug-report.txt
-- Merging decision tree log ---
manifest
ADDED from BeatifulGirl\MainApp\AndroidManifest.xml:2:1-75:12
	package
		ADDED from BeatifulGirl\MainApp\AndroidManifest.xml:3:5-45
		INJECTED from BeatifulGirl\MainApp\AndroidManifest.xml
		INJECTED from BeatifulGirl\MainApp\AndroidManifest.xml
	android:versionName
		ADDED from BeatifulGirl\MainApp\AndroidManifest.xml:5:5-32
		INJECTED from BeatifulGirl\MainApp\AndroidManifest.xml
		INJECTED from BeatifulGirl\MainApp\AndroidManifest.xml
	android:versionCode
		ADDED from BeatifulGirl\MainApp\AndroidManifest.xml:4:5-28
		INJECTED from BeatifulGirl\MainApp\AndroidManifest.xml
		INJECTED from BeatifulGirl\MainApp\AndroidManifest.xml
	xmlns:android
		ADDED from BeatifulGirl\MainApp\AndroidManifest.xml:2:11-69
uses-sdk
ADDED from BeatifulGirl\MainApp\AndroidManifest.xml:7:5-9:41
MERGED from [BeatifulGirl:StickyListHeaders:unspecified] AndroidManifest.xml:7:5-9:41
MERGED from [com.google.firebase:firebase-messaging:10.0.1] AndroidManifest.xml:17:5-42
MERGED from [com.google.firebase:firebase-iid:10.0.1] AndroidManifest.xml:17:5-42
MERGED from [com.google.firebase:firebase-common:10.0.1] AndroidManifest.xml:3:5-42
MERGED from [com.google.android.gms:play-services-tasks:10.0.1] AndroidManifest.xml:3:5-42
MERGED from [com.google.android.gms:play-services-basement:10.0.1] AndroidManifest.xml:17:5-42
MERGED from [com.android.volley:volley:1.0.0] AndroidManifest.xml:7:5-43
MERGED from [com.github.chrisbanes:PhotoView:2.1.3] AndroidManifest.xml:8:5-10:41
MERGED from [BeatifulGirl:libraryPullToRefresh:unspecified] AndroidManifest.xml:8:5-10:41
MERGED from [com.facebook.android:facebook-android-sdk:4.27.0] AndroidManifest.xml:24:5-26:41
MERGED from [com.facebook.android:facebook-login:4.27.0] AndroidManifest.xml:24:5-26:41
MERGED from [com.facebook.android:facebook-share:4.27.0] AndroidManifest.xml:24:5-26:41
MERGED from [com.facebook.android:facebook-common:4.27.0] AndroidManifest.xml:24:5-26:41
MERGED from [com.android.support:appcompat-v7:25.3.1] AndroidManifest.xml:21:5-23:78
MERGED from [com.android.support:animated-vector-drawable:25.3.1] AndroidManifest.xml:20:5-44
MERGED from [com.android.support:support-vector-drawable:25.3.1] AndroidManifest.xml:20:5-43
MERGED from [com.android.support:cardview-v7:25.3.1] AndroidManifest.xml:20:5-43
MERGED from [com.android.support:customtabs:25.3.1] AndroidManifest.xml:20:5-44
MERGED from [com.android.support:support-v4:25.3.1] AndroidManifest.xml:21:5-23:54
MERGED from [com.android.support:support-fragment:25.3.1] AndroidManifest.xml:21:5-23:60
MERGED from [com.android.support:support-media-compat:25.3.1] AndroidManifest.xml:21:5-23:63
MERGED from [com.android.support:support-core-ui:25.3.1] AndroidManifest.xml:21:5-23:58
MERGED from [com.facebook.android:facebook-places:4.27.0] AndroidManifest.xml:24:5-26:41
MERGED from [com.facebook.android:facebook-applinks:4.27.0] AndroidManifest.xml:24:5-26:41
MERGED from [com.facebook.android:facebook-messenger:4.27.0] AndroidManifest.xml:24:5-26:41
MERGED from [com.facebook.android:facebook-core:4.27.0] AndroidManifest.xml:24:5-26:41
MERGED from [com.android.support:support-core-utils:25.3.1] AndroidManifest.xml:21:5-23:61
MERGED from [com.android.support:support-compat:25.3.1] AndroidManifest.xml:21:5-23:58
	tools:overrideLibrary
		ADDED from [com.android.support:appcompat-v7:25.3.1] AndroidManifest.xml:23:9-75
	android:targetSdkVersion
		ADDED from BeatifulGirl\MainApp\AndroidManifest.xml:9:9-38
		INJECTED from BeatifulGirl\MainApp\AndroidManifest.xml
		INJECTED from BeatifulGirl\MainApp\AndroidManifest.xml
	android:minSdkVersion
		ADDED from BeatifulGirl\MainApp\AndroidManifest.xml:8:9-35
		INJECTED from BeatifulGirl\MainApp\AndroidManifest.xml
		INJECTED from BeatifulGirl\MainApp\AndroidManifest.xml
uses-permission#android.permission.ACCESS_NETWORK_STATE
ADDED from BeatifulGirl\MainApp\AndroidManifest.xml:11:5-79
MERGED from [com.google.firebase:firebase-iid:10.0.1] AndroidManifest.xml:19:5-78
	android:name
		ADDED from BeatifulGirl\MainApp\AndroidManifest.xml:11:22-76
uses-permission#android.permission.INTERNET
ADDED from BeatifulGirl\MainApp\AndroidManifest.xml:12:5-67
MERGED from [com.google.firebase:firebase-iid:10.0.1] AndroidManifest.xml:20:5-66
	android:name
		ADDED from BeatifulGirl\MainApp\AndroidManifest.xml:12:22-64
application
ADDED from BeatifulGirl\MainApp\AndroidManifest.xml:15:5-73:19
MERGED from [com.google.firebase:firebase-messaging:10.0.1] AndroidManifest.xml:19:5-29:19
MERGED from [com.google.firebase:firebase-iid:10.0.1] AndroidManifest.xml:28:5-50:19
MERGED from [com.google.firebase:firebase-common:10.0.1] AndroidManifest.xml:4:5-7:19
MERGED from [com.google.android.gms:play-services-tasks:10.0.1] AndroidManifest.xml:4:5-19
MERGED from [com.google.android.gms:play-services-basement:10.0.1] AndroidManifest.xml:19:5-21:19
MERGED from [com.android.volley:volley:1.0.0] AndroidManifest.xml:9:5-20
MERGED from [com.facebook.android:facebook-android-sdk:4.27.0] AndroidManifest.xml:28:5-29:19
MERGED from [com.facebook.android:facebook-login:4.27.0] AndroidManifest.xml:28:5-29:19
MERGED from [com.facebook.android:facebook-share:4.27.0] AndroidManifest.xml:28:5-29:19
MERGED from [com.facebook.android:facebook-common:4.27.0] AndroidManifest.xml:28:5-34:19
MERGED from [com.android.support:appcompat-v7:25.3.1] AndroidManifest.xml:29:5-20
MERGED from [com.android.support:animated-vector-drawable:25.3.1] AndroidManifest.xml:26:5-20
MERGED from [com.android.support:support-vector-drawable:25.3.1] AndroidManifest.xml:26:5-20
MERGED from [com.android.support:cardview-v7:25.3.1] AndroidManifest.xml:26:5-20
MERGED from [com.android.support:customtabs:25.3.1] AndroidManifest.xml:26:5-20
MERGED from [com.android.support:support-v4:25.3.1] AndroidManifest.xml:29:5-20
MERGED from [com.android.support:support-fragment:25.3.1] AndroidManifest.xml:29:5-20
MERGED from [com.android.support:support-media-compat:25.3.1] AndroidManifest.xml:29:5-20
MERGED from [com.android.support:support-core-ui:25.3.1] AndroidManifest.xml:29:5-20
MERGED from [com.facebook.android:facebook-places:4.27.0] AndroidManifest.xml:28:5-29:19
MERGED from [com.facebook.android:facebook-applinks:4.27.0] AndroidManifest.xml:28:5-29:19
MERGED from [com.facebook.android:facebook-messenger:4.27.0] AndroidManifest.xml:28:5-29:19
MERGED from [com.facebook.android:facebook-core:4.27.0] AndroidManifest.xml:28:5-43:19
MERGED from [com.android.support:support-core-utils:25.3.1] AndroidManifest.xml:29:5-20
MERGED from [com.android.support:support-compat:25.3.1] AndroidManifest.xml:29:5-20
	android:label
		ADDED from BeatifulGirl\MainApp\AndroidManifest.xml:19:9-41
	android:supportsRtl
		ADDED from [com.facebook.android:facebook-android-sdk:4.27.0] AndroidManifest.xml:28:18-44
	android:allowBackup
		ADDED from BeatifulGirl\MainApp\AndroidManifest.xml:17:9-35
	android:icon
		ADDED from BeatifulGirl\MainApp\AndroidManifest.xml:18:9-45
	android:theme
		ADDED from BeatifulGirl\MainApp\AndroidManifest.xml:20:9-52
	android:name
		ADDED from BeatifulGirl\MainApp\AndroidManifest.xml:16:9-40
activity#com.tspro.android.beatifulgirl.MainActivity
ADDED from BeatifulGirl\MainApp\AndroidManifest.xml:21:9-30:20
	android:label
		ADDED from BeatifulGirl\MainApp\AndroidManifest.xml:23:13-45
	android:theme
		ADDED from BeatifulGirl\MainApp\AndroidManifest.xml:24:13-56
	android:name
		ADDED from BeatifulGirl\MainApp\AndroidManifest.xml:22:13-41
intent-filter#android.intent.action.MAIN+android.intent.category.LAUNCHER
ADDED from BeatifulGirl\MainApp\AndroidManifest.xml:25:13-29:29
action#android.intent.action.MAIN
ADDED from BeatifulGirl\MainApp\AndroidManifest.xml:26:17-69
	android:name
		ADDED from BeatifulGirl\MainApp\AndroidManifest.xml:26:25-66
category#android.intent.category.LAUNCHER
ADDED from BeatifulGirl\MainApp\AndroidManifest.xml:28:17-77
	android:name
		ADDED from BeatifulGirl\MainApp\AndroidManifest.xml:28:27-74
meta-data#com.facebook.sdk.ApplicationId
ADDED from BeatifulGirl\MainApp\AndroidManifest.xml:33:9-35:55
	android:value
		ADDED from BeatifulGirl\MainApp\AndroidManifest.xml:35:13-52
	android:name
		ADDED from BeatifulGirl\MainApp\AndroidManifest.xml:34:13-58
activity#com.facebook.FacebookActivity
ADDED from BeatifulGirl\MainApp\AndroidManifest.xml:37:9-40:48
MERGED from [com.facebook.android:facebook-common:4.27.0] AndroidManifest.xml:29:9-32:66
	android:label
		ADDED from BeatifulGirl\MainApp\AndroidManifest.xml:40:13-45
	android:configChanges
		ADDED from BeatifulGirl\MainApp\AndroidManifest.xml:39:13-96
	android:theme
		ADDED from [com.facebook.android:facebook-common:4.27.0] AndroidManifest.xml:32:13-63
	android:name
		ADDED from BeatifulGirl\MainApp\AndroidManifest.xml:38:13-57
activity#com.facebook.CustomTabActivity
ADDED from BeatifulGirl\MainApp\AndroidManifest.xml:42:9-53:20
	android:exported
		ADDED from BeatifulGirl\MainApp\AndroidManifest.xml:44:13-36
	android:name
		ADDED from BeatifulGirl\MainApp\AndroidManifest.xml:43:13-58
intent-filter#android.intent.action.VIEW+android.intent.category.BROWSABLE+android.intent.category.DEFAULT
ADDED from BeatifulGirl\MainApp\AndroidManifest.xml:45:13-52:29
action#android.intent.action.VIEW
ADDED from BeatifulGirl\MainApp\AndroidManifest.xml:46:17-69
	android:name
		ADDED from BeatifulGirl\MainApp\AndroidManifest.xml:46:25-66
category#android.intent.category.DEFAULT
ADDED from BeatifulGirl\MainApp\AndroidManifest.xml:48:17-76
	android:name
		ADDED from BeatifulGirl\MainApp\AndroidManifest.xml:48:27-73
category#android.intent.category.BROWSABLE
ADDED from BeatifulGirl\MainApp\AndroidManifest.xml:49:17-78
	android:name
		ADDED from BeatifulGirl\MainApp\AndroidManifest.xml:49:27-75
data
ADDED from BeatifulGirl\MainApp\AndroidManifest.xml:51:17-75
	android:scheme
		ADDED from BeatifulGirl\MainApp\AndroidManifest.xml:51:23-72
activity#com.tspro.android.beatifulgirl.ActivityTransitionToActivity
ADDED from BeatifulGirl\MainApp\AndroidManifest.xml:58:9-62:70
	android:screenOrientation
		ADDED from BeatifulGirl\MainApp\AndroidManifest.xml:60:13-49
	android:windowSoftInputMode
		ADDED from BeatifulGirl\MainApp\AndroidManifest.xml:62:13-67
	android:theme
		ADDED from BeatifulGirl\MainApp\AndroidManifest.xml:61:13-48
	android:name
		ADDED from BeatifulGirl\MainApp\AndroidManifest.xml:59:13-57
activity#com.tspro.android.beatifulgirl.GoogleCardsSocialActivity
ADDED from BeatifulGirl\MainApp\AndroidManifest.xml:63:9-63
	android:name
		ADDED from BeatifulGirl\MainApp\AndroidManifest.xml:63:19-60
activity#com.tspro.android.beatifulgirl.GoogleCardsMediaActivity
ADDED from BeatifulGirl\MainApp\AndroidManifest.xml:64:9-62
	android:name
		ADDED from BeatifulGirl\MainApp\AndroidManifest.xml:64:19-59
meta-data#com.google.firebase.messaging.default_notification_icon
ADDED from BeatifulGirl\MainApp\AndroidManifest.xml:66:9-68:62
	android:resource
		ADDED from BeatifulGirl\MainApp\AndroidManifest.xml:68:13-59
	android:name
		ADDED from BeatifulGirl\MainApp\AndroidManifest.xml:67:13-83
service#com.google.firebase.messaging.FirebaseMessagingService
ADDED from [com.google.firebase:firebase-messaging:10.0.1] AndroidManifest.xml:23:9-27:19
	android:exported
		ADDED from [com.google.firebase:firebase-messaging:10.0.1] AndroidManifest.xml:23:88-111
	android:name
		ADDED from [com.google.firebase:firebase-messaging:10.0.1] AndroidManifest.xml:23:18-87
intent-filter#com.google.firebase.MESSAGING_EVENT
ADDED from [com.google.firebase:firebase-messaging:10.0.1] AndroidManifest.xml:24:13-26:29
	android:priority
		ADDED from [com.google.firebase:firebase-messaging:10.0.1] AndroidManifest.xml:24:28-51
action#com.google.firebase.MESSAGING_EVENT
ADDED from [com.google.firebase:firebase-messaging:10.0.1] AndroidManifest.xml:25:17-77
	android:name
		ADDED from [com.google.firebase:firebase-messaging:10.0.1] AndroidManifest.xml:25:25-75
uses-permission#android.permission.WAKE_LOCK
ADDED from [com.google.firebase:firebase-iid:10.0.1] AndroidManifest.xml:21:5-67
	android:name
		ADDED from [com.google.firebase:firebase-iid:10.0.1] AndroidManifest.xml:21:22-65
uses-permission#com.google.android.c2dm.permission.RECEIVE
ADDED from [com.google.firebase:firebase-iid:10.0.1] AndroidManifest.xml:22:5-81
	android:name
		ADDED from [com.google.firebase:firebase-iid:10.0.1] AndroidManifest.xml:22:22-79
permission#${applicationId}.permission.C2D_MESSAGE
ADDED from [com.google.firebase:firebase-iid:10.0.1] AndroidManifest.xml:24:5-109
	android:protectionLevel
		ADDED from [com.google.firebase:firebase-iid:10.0.1] AndroidManifest.xml:24:72-107
	android:name
		ADDED from [com.google.firebase:firebase-iid:10.0.1] AndroidManifest.xml:24:17-71
uses-permission#${applicationId}.permission.C2D_MESSAGE
ADDED from [com.google.firebase:firebase-iid:10.0.1] AndroidManifest.xml:26:5-78
	android:name
		ADDED from [com.google.firebase:firebase-iid:10.0.1] AndroidManifest.xml:26:22-76
receiver#com.google.firebase.iid.FirebaseInstanceIdReceiver
ADDED from [com.google.firebase:firebase-iid:10.0.1] AndroidManifest.xml:30:9-36:20
	android:exported
		ADDED from [com.google.firebase:firebase-iid:10.0.1] AndroidManifest.xml:30:85-108
	android:permission
		ADDED from [com.google.firebase:firebase-iid:10.0.1] AndroidManifest.xml:30:109-169
	android:name
		ADDED from [com.google.firebase:firebase-iid:10.0.1] AndroidManifest.xml:30:19-84
intent-filter#${applicationId}+com.google.android.c2dm.intent.RECEIVE+com.google.android.c2dm.intent.REGISTRATION
ADDED from [com.google.firebase:firebase-iid:10.0.1] AndroidManifest.xml:31:13-35:29
action#com.google.android.c2dm.intent.RECEIVE
ADDED from [com.google.firebase:firebase-iid:10.0.1] AndroidManifest.xml:32:17-80
	android:name
		ADDED from [com.google.firebase:firebase-iid:10.0.1] AndroidManifest.xml:32:25-78
action#com.google.android.c2dm.intent.REGISTRATION
ADDED from [com.google.firebase:firebase-iid:10.0.1] AndroidManifest.xml:33:17-85
	android:name
		ADDED from [com.google.firebase:firebase-iid:10.0.1] AndroidManifest.xml:33:25-83
category#${applicationId}
ADDED from [com.google.firebase:firebase-iid:10.0.1] AndroidManifest.xml:34:17-60
	android:name
		ADDED from [com.google.firebase:firebase-iid:10.0.1] AndroidManifest.xml:34:27-58
receiver#com.google.firebase.iid.FirebaseInstanceIdInternalReceiver
ADDED from [com.google.firebase:firebase-iid:10.0.1] AndroidManifest.xml:40:9-119
	android:exported
		ADDED from [com.google.firebase:firebase-iid:10.0.1] AndroidManifest.xml:40:93-117
	android:name
		ADDED from [com.google.firebase:firebase-iid:10.0.1] AndroidManifest.xml:40:19-92
service#com.google.firebase.iid.FirebaseInstanceIdService
ADDED from [com.google.firebase:firebase-iid:10.0.1] AndroidManifest.xml:44:9-48:19
	android:exported
		ADDED from [com.google.firebase:firebase-iid:10.0.1] AndroidManifest.xml:44:83-106
	android:name
		ADDED from [com.google.firebase:firebase-iid:10.0.1] AndroidManifest.xml:44:18-82
intent-filter#com.google.firebase.INSTANCE_ID_EVENT
ADDED from [com.google.firebase:firebase-iid:10.0.1] AndroidManifest.xml:45:13-47:29
	android:priority
		ADDED from [com.google.firebase:firebase-iid:10.0.1] AndroidManifest.xml:45:28-51
action#com.google.firebase.INSTANCE_ID_EVENT
ADDED from [com.google.firebase:firebase-iid:10.0.1] AndroidManifest.xml:46:17-79
	android:name
		ADDED from [com.google.firebase:firebase-iid:10.0.1] AndroidManifest.xml:46:25-77
provider#com.google.firebase.provider.FirebaseInitProvider
ADDED from [com.google.firebase:firebase-common:10.0.1] AndroidManifest.xml:6:9-194
	android:authorities
		ADDED from [com.google.firebase:firebase-common:10.0.1] AndroidManifest.xml:6:19-78
	android:exported
		ADDED from [com.google.firebase:firebase-common:10.0.1] AndroidManifest.xml:6:144-168
	android:initOrder
		ADDED from [com.google.firebase:firebase-common:10.0.1] AndroidManifest.xml:6:169-192
	android:name
		ADDED from [com.google.firebase:firebase-common:10.0.1] AndroidManifest.xml:6:79-143
meta-data#com.google.android.gms.version
ADDED from [com.google.android.gms:play-services-basement:10.0.1] AndroidManifest.xml:20:9-121
	android:value
		ADDED from [com.google.android.gms:play-services-basement:10.0.1] AndroidManifest.xml:20:66-119
	android:name
		ADDED from [com.google.android.gms:play-services-basement:10.0.1] AndroidManifest.xml:20:20-65
activity#com.facebook.CustomTabMainActivity
ADDED from [com.facebook.android:facebook-common:4.27.0] AndroidManifest.xml:33:9-71
	android:name
		ADDED from [com.facebook.android:facebook-common:4.27.0] AndroidManifest.xml:33:19-68
meta-data#android.support.VERSION
ADDED from [com.android.support:appcompat-v7:25.3.1] AndroidManifest.xml:25:5-27:34
MERGED from [com.android.support:animated-vector-drawable:25.3.1] AndroidManifest.xml:22:5-24:34
MERGED from [com.android.support:support-vector-drawable:25.3.1] AndroidManifest.xml:22:5-24:34
MERGED from [com.android.support:cardview-v7:25.3.1] AndroidManifest.xml:22:5-24:34
MERGED from [com.android.support:customtabs:25.3.1] AndroidManifest.xml:22:5-24:34
MERGED from [com.android.support:support-v4:25.3.1] AndroidManifest.xml:25:5-27:34
MERGED from [com.android.support:support-fragment:25.3.1] AndroidManifest.xml:25:5-27:34
MERGED from [com.android.support:support-media-compat:25.3.1] AndroidManifest.xml:25:5-27:34
MERGED from [com.android.support:support-core-ui:25.3.1] AndroidManifest.xml:25:5-27:34
MERGED from [com.android.support:support-core-utils:25.3.1] AndroidManifest.xml:25:5-27:34
MERGED from [com.android.support:support-compat:25.3.1] AndroidManifest.xml:25:5-27:34
	android:value
		ADDED from [com.android.support:appcompat-v7:25.3.1] AndroidManifest.xml:27:9-31
	android:name
		ADDED from [com.android.support:appcompat-v7:25.3.1] AndroidManifest.xml:26:9-47
provider#com.facebook.internal.FacebookInitProvider
ADDED from [com.facebook.android:facebook-core:4.27.0] AndroidManifest.xml:39:9-42:40
	android:authorities
		ADDED from [com.facebook.android:facebook-core:4.27.0] AndroidManifest.xml:41:13-72
	android:exported
		ADDED from [com.facebook.android:facebook-core:4.27.0] AndroidManifest.xml:42:13-37
	android:name
		ADDED from [com.facebook.android:facebook-core:4.27.0] AndroidManifest.xml:40:13-70